c:\users\mac_lenovo\source\repos\visualizedsa\visualizedsa\x64\release\vc143.pdb
c:\users\mac_lenovo\source\repos\visualizedsa\visualizedsa\x64\release\animation.nativecodeanalysis.sarif
c:\users\mac_lenovo\source\repos\visualizedsa\visualizedsa\x64\release\animation.nativecodeanalysis.xml
c:\users\mac_lenovo\source\repos\visualizedsa\visualizedsa\x64\release\avl.nativecodeanalysis.sarif
c:\users\mac_lenovo\source\repos\visualizedsa\visualizedsa\x64\release\avl.nativecodeanalysis.xml
c:\users\mac_lenovo\source\repos\visualizedsa\visualizedsa\x64\release\button.nativecodeanalysis.sarif
c:\users\mac_lenovo\source\repos\visualizedsa\visualizedsa\x64\release\button.nativecodeanalysis.xml
c:\users\mac_lenovo\source\repos\visualizedsa\visualizedsa\x64\release\color.nativecodeanalysis.sarif
c:\users\mac_lenovo\source\repos\visualizedsa\visualizedsa\x64\release\color.nativecodeanalysis.xml
c:\users\mac_lenovo\source\repos\visualizedsa\visualizedsa\x64\release\controlbox.nativecodeanalysis.sarif
c:\users\mac_lenovo\source\repos\visualizedsa\visualizedsa\x64\release\controlbox.nativecodeanalysis.xml
c:\users\mac_lenovo\source\repos\visualizedsa\visualizedsa\x64\release\display.nativecodeanalysis.sarif
c:\users\mac_lenovo\source\repos\visualizedsa\visualizedsa\x64\release\display.nativecodeanalysis.xml
c:\users\mac_lenovo\source\repos\visualizedsa\visualizedsa\x64\release\edge.nativecodeanalysis.sarif
c:\users\mac_lenovo\source\repos\visualizedsa\visualizedsa\x64\release\edge.nativecodeanalysis.xml
c:\users\mac_lenovo\source\repos\visualizedsa\visualizedsa\x64\release\graph.nativecodeanalysis.sarif
c:\users\mac_lenovo\source\repos\visualizedsa\visualizedsa\x64\release\graph.nativecodeanalysis.xml
c:\users\mac_lenovo\source\repos\visualizedsa\visualizedsa\x64\release\graphedge.nativecodeanalysis.sarif
c:\users\mac_lenovo\source\repos\visualizedsa\visualizedsa\x64\release\graphedge.nativecodeanalysis.xml
c:\users\mac_lenovo\source\repos\visualizedsa\visualizedsa\x64\release\graphnode.nativecodeanalysis.sarif
c:\users\mac_lenovo\source\repos\visualizedsa\visualizedsa\x64\release\graphnode.nativecodeanalysis.xml
c:\users\mac_lenovo\source\repos\visualizedsa\visualizedsa\x64\release\hashtable.nativecodeanalysis.sarif
c:\users\mac_lenovo\source\repos\visualizedsa\visualizedsa\x64\release\hashtable.nativecodeanalysis.xml
c:\users\mac_lenovo\source\repos\visualizedsa\visualizedsa\x64\release\heap.nativecodeanalysis.sarif
c:\users\mac_lenovo\source\repos\visualizedsa\visualizedsa\x64\release\heap.nativecodeanalysis.xml
c:\users\mac_lenovo\source\repos\visualizedsa\visualizedsa\x64\release\input.nativecodeanalysis.sarif
c:\users\mac_lenovo\source\repos\visualizedsa\visualizedsa\x64\release\input.nativecodeanalysis.xml
c:\users\mac_lenovo\source\repos\visualizedsa\visualizedsa\x64\release\inputtable.nativecodeanalysis.sarif
c:\users\mac_lenovo\source\repos\visualizedsa\visualizedsa\x64\release\inputtable.nativecodeanalysis.xml
c:\users\mac_lenovo\source\repos\visualizedsa\visualizedsa\x64\release\keyboarddetection.nativecodeanalysis.sarif
c:\users\mac_lenovo\source\repos\visualizedsa\visualizedsa\x64\release\keyboarddetection.nativecodeanalysis.xml
c:\users\mac_lenovo\source\repos\visualizedsa\visualizedsa\x64\release\layer.nativecodeanalysis.sarif
c:\users\mac_lenovo\source\repos\visualizedsa\visualizedsa\x64\release\layer.nativecodeanalysis.xml
c:\users\mac_lenovo\source\repos\visualizedsa\visualizedsa\x64\release\layout.nativecodeanalysis.sarif
c:\users\mac_lenovo\source\repos\visualizedsa\visualizedsa\x64\release\layout.nativecodeanalysis.xml
c:\users\mac_lenovo\source\repos\visualizedsa\visualizedsa\x64\release\listnode.nativecodeanalysis.sarif
c:\users\mac_lenovo\source\repos\visualizedsa\visualizedsa\x64\release\listnode.nativecodeanalysis.xml
c:\users\mac_lenovo\source\repos\visualizedsa\visualizedsa\x64\release\main.nativecodeanalysis.sarif
c:\users\mac_lenovo\source\repos\visualizedsa\visualizedsa\x64\release\main.nativecodeanalysis.xml
c:\users\mac_lenovo\source\repos\visualizedsa\visualizedsa\x64\release\mousedetection.nativecodeanalysis.sarif
c:\users\mac_lenovo\source\repos\visualizedsa\visualizedsa\x64\release\mousedetection.nativecodeanalysis.xml
c:\users\mac_lenovo\source\repos\visualizedsa\visualizedsa\x64\release\mousedetection.obj
c:\users\mac_lenovo\source\repos\visualizedsa\visualizedsa\x64\release\main.obj
c:\users\mac_lenovo\source\repos\visualizedsa\visualizedsa\x64\release\listnode.obj
c:\users\mac_lenovo\source\repos\visualizedsa\visualizedsa\x64\release\layout.obj
c:\users\mac_lenovo\source\repos\visualizedsa\visualizedsa\x64\release\layer.obj
c:\users\mac_lenovo\source\repos\visualizedsa\visualizedsa\x64\release\keyboarddetection.obj
c:\users\mac_lenovo\source\repos\visualizedsa\visualizedsa\x64\release\inputtable.obj
c:\users\mac_lenovo\source\repos\visualizedsa\visualizedsa\x64\release\input.obj
c:\users\mac_lenovo\source\repos\visualizedsa\visualizedsa\x64\release\heap.obj
c:\users\mac_lenovo\source\repos\visualizedsa\visualizedsa\x64\release\hashtable.obj
c:\users\mac_lenovo\source\repos\visualizedsa\visualizedsa\x64\release\graphnode.obj
c:\users\mac_lenovo\source\repos\visualizedsa\visualizedsa\x64\release\graphedge.obj
c:\users\mac_lenovo\source\repos\visualizedsa\visualizedsa\x64\release\graph.obj
c:\users\mac_lenovo\source\repos\visualizedsa\visualizedsa\x64\release\edge.obj
c:\users\mac_lenovo\source\repos\visualizedsa\visualizedsa\x64\release\display.obj
c:\users\mac_lenovo\source\repos\visualizedsa\visualizedsa\x64\release\controlbox.obj
c:\users\mac_lenovo\source\repos\visualizedsa\visualizedsa\x64\release\color.obj
c:\users\mac_lenovo\source\repos\visualizedsa\visualizedsa\x64\release\button.obj
c:\users\mac_lenovo\source\repos\visualizedsa\visualizedsa\x64\release\avl.obj
c:\users\mac_lenovo\source\repos\visualizedsa\visualizedsa\x64\release\animation.obj
c:\users\mac_lenovo\source\repos\visualizedsa\visualizedsa\x64\release\node.nativecodeanalysis.sarif
c:\users\mac_lenovo\source\repos\visualizedsa\visualizedsa\x64\release\node.nativecodeanalysis.xml
c:\users\mac_lenovo\source\repos\visualizedsa\visualizedsa\x64\release\resources.nativecodeanalysis.sarif
c:\users\mac_lenovo\source\repos\visualizedsa\visualizedsa\x64\release\resources.nativecodeanalysis.xml
c:\users\mac_lenovo\source\repos\visualizedsa\visualizedsa\x64\release\roundrectangleshape.nativecodeanalysis.sarif
c:\users\mac_lenovo\source\repos\visualizedsa\visualizedsa\x64\release\roundrectangleshape.nativecodeanalysis.xml
c:\users\mac_lenovo\source\repos\visualizedsa\visualizedsa\x64\release\structurepicker.nativecodeanalysis.sarif
c:\users\mac_lenovo\source\repos\visualizedsa\visualizedsa\x64\release\structurepicker.nativecodeanalysis.xml
c:\users\mac_lenovo\source\repos\visualizedsa\visualizedsa\x64\release\structurerunner.nativecodeanalysis.sarif
c:\users\mac_lenovo\source\repos\visualizedsa\visualizedsa\x64\release\structurerunner.nativecodeanalysis.xml
c:\users\mac_lenovo\source\repos\visualizedsa\visualizedsa\x64\release\tab.nativecodeanalysis.sarif
c:\users\mac_lenovo\source\repos\visualizedsa\visualizedsa\x64\release\tab.nativecodeanalysis.xml
c:\users\mac_lenovo\source\repos\visualizedsa\visualizedsa\x64\release\textbox.nativecodeanalysis.sarif
c:\users\mac_lenovo\source\repos\visualizedsa\visualizedsa\x64\release\textbox.nativecodeanalysis.xml
c:\users\mac_lenovo\source\repos\visualizedsa\visualizedsa\x64\release\tools.nativecodeanalysis.sarif
c:\users\mac_lenovo\source\repos\visualizedsa\visualizedsa\x64\release\tools.nativecodeanalysis.xml
c:\users\mac_lenovo\source\repos\visualizedsa\visualizedsa\x64\release\tree234.nativecodeanalysis.sarif
c:\users\mac_lenovo\source\repos\visualizedsa\visualizedsa\x64\release\tree234.nativecodeanalysis.xml
c:\users\mac_lenovo\source\repos\visualizedsa\visualizedsa\x64\release\treenode.nativecodeanalysis.sarif
c:\users\mac_lenovo\source\repos\visualizedsa\visualizedsa\x64\release\treenode.nativecodeanalysis.xml
c:\users\mac_lenovo\source\repos\visualizedsa\visualizedsa\x64\release\trie.nativecodeanalysis.sarif
c:\users\mac_lenovo\source\repos\visualizedsa\visualizedsa\x64\release\trie.nativecodeanalysis.xml
c:\users\mac_lenovo\source\repos\visualizedsa\visualizedsa\x64\release\visualizer.nativecodeanalysis.sarif
c:\users\mac_lenovo\source\repos\visualizedsa\visualizedsa\x64\release\visualizer.nativecodeanalysis.xml
c:\users\mac_lenovo\source\repos\visualizedsa\visualizedsa\x64\release\window.nativecodeanalysis.sarif
c:\users\mac_lenovo\source\repos\visualizedsa\visualizedsa\x64\release\window.nativecodeanalysis.xml
c:\users\mac_lenovo\source\repos\visualizedsa\visualizedsa\x64\release\window.obj
c:\users\mac_lenovo\source\repos\visualizedsa\visualizedsa\x64\release\visualizer.obj
c:\users\mac_lenovo\source\repos\visualizedsa\visualizedsa\x64\release\trie.obj
c:\users\mac_lenovo\source\repos\visualizedsa\visualizedsa\x64\release\treenode.obj
c:\users\mac_lenovo\source\repos\visualizedsa\visualizedsa\x64\release\tree234.obj
c:\users\mac_lenovo\source\repos\visualizedsa\visualizedsa\x64\release\tools.obj
c:\users\mac_lenovo\source\repos\visualizedsa\visualizedsa\x64\release\textbox.obj
c:\users\mac_lenovo\source\repos\visualizedsa\visualizedsa\x64\release\tab.obj
c:\users\mac_lenovo\source\repos\visualizedsa\visualizedsa\x64\release\structurerunner.obj
c:\users\mac_lenovo\source\repos\visualizedsa\visualizedsa\x64\release\structurepicker.obj
c:\users\mac_lenovo\source\repos\visualizedsa\visualizedsa\x64\release\roundrectangleshape.obj
c:\users\mac_lenovo\source\repos\visualizedsa\visualizedsa\x64\release\resources.obj
c:\users\mac_lenovo\source\repos\visualizedsa\visualizedsa\x64\release\node.obj
c:\users\mac_lenovo\source\repos\visualizedsa\x64\release\visualizedsa.exe
c:\users\mac_lenovo\source\repos\visualizedsa\visualizedsa\x64\release\visualizedsa.ipdb
c:\users\mac_lenovo\source\repos\visualizedsa\x64\release\visualizedsa.pdb
c:\users\mac_lenovo\source\repos\visualizedsa\visualizedsa\x64\release\visualizedsa.iobj
c:\users\mac_lenovo\source\repos\visualizedsa\visualizedsa\x64\release\vc.nativecodeanalysis.all.xml
c:\users\mac_lenovo\source\repos\visualizedsa\visualizedsa\x64\release\visualizedsa.tlog\cl.command.1.tlog
c:\users\mac_lenovo\source\repos\visualizedsa\visualizedsa\x64\release\visualizedsa.tlog\cl.read.1.tlog
c:\users\mac_lenovo\source\repos\visualizedsa\visualizedsa\x64\release\visualizedsa.tlog\cl.write.1.tlog
c:\users\mac_lenovo\source\repos\visualizedsa\visualizedsa\x64\release\visualizedsa.tlog\link.command.1.tlog
c:\users\mac_lenovo\source\repos\visualizedsa\visualizedsa\x64\release\visualizedsa.tlog\link.read.1.tlog
c:\users\mac_lenovo\source\repos\visualizedsa\visualizedsa\x64\release\visualizedsa.tlog\link.write.1.tlog
