  Animation.cpp
C:\Users\MAC_LENOVO\source\repos\VisualizeDSA\VisualizeDSA\Animation.cpp(15,77): warning C4244: 'argument': conversion from 'float' to 'sf::Uint8', possible loss of data
C:\Users\MAC_LENOVO\source\repos\VisualizeDSA\VisualizeDSA\Animation.cpp(15,52): warning C4244: 'argument': conversion from 'float' to 'sf::Uint8', possible loss of data
C:\Users\MAC_LENOVO\source\repos\VisualizeDSA\VisualizeDSA\Animation.cpp(15,27): warning C4244: 'argument': conversion from 'float' to 'sf::Uint8', possible loss of data
  AVL.cpp
C:\Users\MAC_LENOVO\source\repos\VisualizeDSA\VisualizeDSA\Visualizer.hpp(16,30): warning C4584: 'Visualizer': base-class 'sf::Drawable' is already a base-class of 'Display'
C:\Users\MAC_LENOVO\source\repos\VisualizeDSA\include\SFML\Graphics\RenderTarget.hpp(45,7): message : see declaration of 'sf::Drawable'
C:\Users\MAC_LENOVO\source\repos\VisualizeDSA\VisualizeDSA\Display.hpp(10,7): message : see declaration of 'Display'
C:\Users\MAC_LENOVO\source\repos\VisualizeDSA\VisualizeDSA\Visualizer.hpp(16,30): warning C4584: 'Visualizer': base-class 'sf::Drawable' is already a base-class of 'InputTable'
C:\Users\MAC_LENOVO\source\repos\VisualizeDSA\include\SFML\Graphics\RenderTarget.hpp(45,7): message : see declaration of 'sf::Drawable'
C:\Users\MAC_LENOVO\source\repos\VisualizeDSA\VisualizeDSA\InputTable.hpp(10,7): message : see declaration of 'InputTable'
  Button.cpp
C:\Users\MAC_LENOVO\source\repos\VisualizeDSA\VisualizeDSA\Button.cpp(64,47): warning C4244: 'argument': conversion from 'T' to 'unsigned int', possible loss of data
          with
          [
              T=float
          ]
  Color.cpp
  ControlBox.cpp
  Display.cpp
C:\Users\MAC_LENOVO\source\repos\VisualizeDSA\VisualizeDSA\Display.cpp(72,64): warning C4244: 'argument': conversion from 'double' to 'float', possible loss of data
C:\Users\MAC_LENOVO\source\repos\VisualizeDSA\VisualizeDSA\Display.cpp(137,32): warning C4267: 'argument': conversion from 'size_t' to '_Ty', possible loss of data
          with
          [
              _Ty=int
          ]
  Edge.cpp
C:\Users\MAC_LENOVO\source\repos\VisualizeDSA\VisualizeDSA\Edge.cpp(25,31): warning C4244: 'argument': conversion from 'double' to 'float', possible loss of data
C:\Users\MAC_LENOVO\source\repos\VisualizeDSA\VisualizeDSA\Edge.cpp(31,37): warning C4244: 'argument': conversion from 'double' to 'float', possible loss of data
C:\Users\MAC_LENOVO\source\repos\VisualizeDSA\VisualizeDSA\Edge.cpp(52,65): warning C4244: 'argument': conversion from 'double' to 'float', possible loss of data
C:\Users\MAC_LENOVO\source\repos\VisualizeDSA\VisualizeDSA\Edge.cpp(54,71): warning C4244: 'argument': conversion from 'double' to 'float', possible loss of data
C:\Users\MAC_LENOVO\source\repos\VisualizeDSA\VisualizeDSA\Edge.cpp(61,65): warning C4244: 'argument': conversion from 'double' to 'float', possible loss of data
C:\Users\MAC_LENOVO\source\repos\VisualizeDSA\VisualizeDSA\Edge.cpp(63,71): warning C4244: 'argument': conversion from 'double' to 'float', possible loss of data
  Graph.cpp
C:\Users\MAC_LENOVO\source\repos\VisualizeDSA\VisualizeDSA\Visualizer.hpp(16,30): warning C4584: 'Visualizer': base-class 'sf::Drawable' is already a base-class of 'Display'
C:\Users\MAC_LENOVO\source\repos\VisualizeDSA\include\SFML\Graphics\RenderTarget.hpp(45,7): message : see declaration of 'sf::Drawable'
C:\Users\MAC_LENOVO\source\repos\VisualizeDSA\VisualizeDSA\Display.hpp(10,7): message : see declaration of 'Display'
C:\Users\MAC_LENOVO\source\repos\VisualizeDSA\VisualizeDSA\Visualizer.hpp(16,30): warning C4584: 'Visualizer': base-class 'sf::Drawable' is already a base-class of 'InputTable'
C:\Users\MAC_LENOVO\source\repos\VisualizeDSA\include\SFML\Graphics\RenderTarget.hpp(45,7): message : see declaration of 'sf::Drawable'
C:\Users\MAC_LENOVO\source\repos\VisualizeDSA\VisualizeDSA\InputTable.hpp(10,7): message : see declaration of 'InputTable'
C:\Users\MAC_LENOVO\source\repos\VisualizeDSA\VisualizeDSA\Graph.cpp(72,44): warning C4267: '=': conversion from 'size_t' to 'int', possible loss of data
C:\Users\MAC_LENOVO\source\repos\VisualizeDSA\VisualizeDSA\Graph.cpp(77,45): warning C4267: '=': conversion from 'size_t' to 'int', possible loss of data
  GraphEdge.cpp
  GraphNode.cpp
  HashTable.cpp
C:\Users\MAC_LENOVO\source\repos\VisualizeDSA\VisualizeDSA\Visualizer.hpp(16,30): warning C4584: 'Visualizer': base-class 'sf::Drawable' is already a base-class of 'Display'
C:\Users\MAC_LENOVO\source\repos\VisualizeDSA\include\SFML\Graphics\RenderTarget.hpp(45,7): message : see declaration of 'sf::Drawable'
C:\Users\MAC_LENOVO\source\repos\VisualizeDSA\VisualizeDSA\Display.hpp(10,7): message : see declaration of 'Display'
C:\Users\MAC_LENOVO\source\repos\VisualizeDSA\VisualizeDSA\Visualizer.hpp(16,30): warning C4584: 'Visualizer': base-class 'sf::Drawable' is already a base-class of 'InputTable'
C:\Users\MAC_LENOVO\source\repos\VisualizeDSA\include\SFML\Graphics\RenderTarget.hpp(45,7): message : see declaration of 'sf::Drawable'
C:\Users\MAC_LENOVO\source\repos\VisualizeDSA\VisualizeDSA\InputTable.hpp(10,7): message : see declaration of 'InputTable'
  Heap.cpp
C:\Users\MAC_LENOVO\source\repos\VisualizeDSA\VisualizeDSA\Visualizer.hpp(16,30): warning C4584: 'Visualizer': base-class 'sf::Drawable' is already a base-class of 'Display'
C:\Users\MAC_LENOVO\source\repos\VisualizeDSA\include\SFML\Graphics\RenderTarget.hpp(45,7): message : see declaration of 'sf::Drawable'
C:\Users\MAC_LENOVO\source\repos\VisualizeDSA\VisualizeDSA\Display.hpp(10,7): message : see declaration of 'Display'
C:\Users\MAC_LENOVO\source\repos\VisualizeDSA\VisualizeDSA\Visualizer.hpp(16,30): warning C4584: 'Visualizer': base-class 'sf::Drawable' is already a base-class of 'InputTable'
C:\Users\MAC_LENOVO\source\repos\VisualizeDSA\include\SFML\Graphics\RenderTarget.hpp(45,7): message : see declaration of 'sf::Drawable'
C:\Users\MAC_LENOVO\source\repos\VisualizeDSA\VisualizeDSA\InputTable.hpp(10,7): message : see declaration of 'InputTable'
C:\Users\MAC_LENOVO\source\repos\VisualizeDSA\VisualizeDSA\Heap.cpp(63,26): warning C4267: 'initializing': conversion from 'size_t' to 'int', possible loss of data
C:\Users\MAC_LENOVO\source\repos\VisualizeDSA\VisualizeDSA\Heap.cpp(123,25): warning C4267: 'initializing': conversion from 'size_t' to 'int', possible loss of data
C:\Users\MAC_LENOVO\source\repos\VisualizeDSA\VisualizeDSA\Heap.cpp(176,25): warning C4267: 'initializing': conversion from 'size_t' to 'int', possible loss of data
  Input.cpp
  InputTable.cpp
  KeyboardDetection.cpp
  Layer.cpp
  Layout.cpp
C:\Users\MAC_LENOVO\source\repos\VisualizeDSA\VisualizeDSA\Layout.cpp(29,3): warning C4305: 'initializing': truncation from 'double' to 'float'
  ListNode.cpp
  main.cpp
C:\Users\MAC_LENOVO\source\repos\VisualizeDSA\VisualizeDSA\Visualizer.hpp(16,30): warning C4584: 'Visualizer': base-class 'sf::Drawable' is already a base-class of 'Display'
C:\Users\MAC_LENOVO\source\repos\VisualizeDSA\include\SFML\Graphics\RenderTarget.hpp(45,7): message : see declaration of 'sf::Drawable'
C:\Users\MAC_LENOVO\source\repos\VisualizeDSA\VisualizeDSA\Display.hpp(10,7): message : see declaration of 'Display'
C:\Users\MAC_LENOVO\source\repos\VisualizeDSA\VisualizeDSA\Visualizer.hpp(16,30): warning C4584: 'Visualizer': base-class 'sf::Drawable' is already a base-class of 'InputTable'
C:\Users\MAC_LENOVO\source\repos\VisualizeDSA\include\SFML\Graphics\RenderTarget.hpp(45,7): message : see declaration of 'sf::Drawable'
C:\Users\MAC_LENOVO\source\repos\VisualizeDSA\VisualizeDSA\InputTable.hpp(10,7): message : see declaration of 'InputTable'
C:\Users\MAC_LENOVO\source\repos\VisualizeDSA\VisualizeDSA\main.cpp(11,12): warning C4244: 'argument': conversion from 'time_t' to 'unsigned int', possible loss of data
  MouseDetection.cpp
  Running Code Analysis for C/C++...
  Compiling...
  Node.cpp
C:\Users\MAC_LENOVO\source\repos\VisualizeDSA\VisualizeDSA\Node.cpp(17,23): warning C4267: 'initializing': conversion from 'size_t' to 'int', possible loss of data
C:\Users\MAC_LENOVO\source\repos\VisualizeDSA\VisualizeDSA\Node.cpp(23,66): warning C4244: 'argument': conversion from 'float' to 'unsigned int', possible loss of data
C:\Users\MAC_LENOVO\source\repos\VisualizeDSA\VisualizeDSA\Node.cpp(29,62): warning C4244: 'argument': conversion from 'double' to 'float', possible loss of data
C:\Users\MAC_LENOVO\source\repos\VisualizeDSA\VisualizeDSA\Node.cpp(122,65): warning C4244: 'argument': conversion from 'float' to 'unsigned int', possible loss of data
C:\Users\MAC_LENOVO\source\repos\VisualizeDSA\VisualizeDSA\Node.cpp(148,26): warning C4267: 'return': conversion from 'size_t' to 'int', possible loss of data
  Resources.cpp
  RoundRectangleShape.cpp
C:\Users\MAC_LENOVO\source\repos\VisualizeDSA\VisualizeDSA\RoundRectangleShape.cpp(86,62): warning C4267: 'initializing': conversion from 'size_t' to 'unsigned int', possible loss of data
  StructurePicker.cpp
  StructureRunner.cpp
C:\Users\MAC_LENOVO\source\repos\VisualizeDSA\VisualizeDSA\Visualizer.hpp(16,30): warning C4584: 'Visualizer': base-class 'sf::Drawable' is already a base-class of 'Display'
C:\Users\MAC_LENOVO\source\repos\VisualizeDSA\include\SFML\Graphics\RenderTarget.hpp(45,7): message : see declaration of 'sf::Drawable'
C:\Users\MAC_LENOVO\source\repos\VisualizeDSA\VisualizeDSA\Display.hpp(10,7): message : see declaration of 'Display'
C:\Users\MAC_LENOVO\source\repos\VisualizeDSA\VisualizeDSA\Visualizer.hpp(16,30): warning C4584: 'Visualizer': base-class 'sf::Drawable' is already a base-class of 'InputTable'
C:\Users\MAC_LENOVO\source\repos\VisualizeDSA\include\SFML\Graphics\RenderTarget.hpp(45,7): message : see declaration of 'sf::Drawable'
C:\Users\MAC_LENOVO\source\repos\VisualizeDSA\VisualizeDSA\InputTable.hpp(10,7): message : see declaration of 'InputTable'
  Tab.cpp
C:\Users\MAC_LENOVO\source\repos\VisualizeDSA\VisualizeDSA\Visualizer.hpp(16,30): warning C4584: 'Visualizer': base-class 'sf::Drawable' is already a base-class of 'Display'
C:\Users\MAC_LENOVO\source\repos\VisualizeDSA\include\SFML\Graphics\RenderTarget.hpp(45,7): message : see declaration of 'sf::Drawable'
C:\Users\MAC_LENOVO\source\repos\VisualizeDSA\VisualizeDSA\Display.hpp(10,7): message : see declaration of 'Display'
C:\Users\MAC_LENOVO\source\repos\VisualizeDSA\VisualizeDSA\Visualizer.hpp(16,30): warning C4584: 'Visualizer': base-class 'sf::Drawable' is already a base-class of 'InputTable'
C:\Users\MAC_LENOVO\source\repos\VisualizeDSA\include\SFML\Graphics\RenderTarget.hpp(45,7): message : see declaration of 'sf::Drawable'
C:\Users\MAC_LENOVO\source\repos\VisualizeDSA\VisualizeDSA\InputTable.hpp(10,7): message : see declaration of 'InputTable'
  Textbox.cpp
C:\Users\MAC_LENOVO\source\repos\VisualizeDSA\VisualizeDSA\Textbox.cpp(10,32): warning C4244: 'argument': conversion from 'T' to 'unsigned int', possible loss of data
          with
          [
              T=float
          ]
C:\Users\MAC_LENOVO\source\repos\VisualizeDSA\VisualizeDSA\Textbox.cpp(17,35): warning C4244: 'argument': conversion from 'T' to 'unsigned int', possible loss of data
          with
          [
              T=float
          ]
C:\Users\MAC_LENOVO\source\repos\VisualizeDSA\VisualizeDSA\Textbox.cpp(23,38): warning C4244: 'argument': conversion from 'T' to 'unsigned int', possible loss of data
          with
          [
              T=float
          ]
C:\Users\MAC_LENOVO\source\repos\VisualizeDSA\VisualizeDSA\Textbox.cpp(99,16): warning C4244: 'initializing': conversion from 'T' to 'int', possible loss of data
          with
          [
              T=float
          ]
C:\Users\MAC_LENOVO\source\repos\VisualizeDSA\VisualizeDSA\Textbox.cpp(107,53): warning C4244: 'argument': conversion from 'const _Ty' to 'const unsigned __int64', possible loss of data
          with
          [
              _Ty=float
          ]
  Tools.cpp
  Tree234.cpp
C:\Users\MAC_LENOVO\source\repos\VisualizeDSA\VisualizeDSA\Visualizer.hpp(16,30): warning C4584: 'Visualizer': base-class 'sf::Drawable' is already a base-class of 'Display'
C:\Users\MAC_LENOVO\source\repos\VisualizeDSA\include\SFML\Graphics\RenderTarget.hpp(45,7): message : see declaration of 'sf::Drawable'
C:\Users\MAC_LENOVO\source\repos\VisualizeDSA\VisualizeDSA\Display.hpp(10,7): message : see declaration of 'Display'
C:\Users\MAC_LENOVO\source\repos\VisualizeDSA\VisualizeDSA\Visualizer.hpp(16,30): warning C4584: 'Visualizer': base-class 'sf::Drawable' is already a base-class of 'InputTable'
C:\Users\MAC_LENOVO\source\repos\VisualizeDSA\include\SFML\Graphics\RenderTarget.hpp(45,7): message : see declaration of 'sf::Drawable'
C:\Users\MAC_LENOVO\source\repos\VisualizeDSA\VisualizeDSA\InputTable.hpp(10,7): message : see declaration of 'InputTable'
  TreeNode.cpp
C:\Users\MAC_LENOVO\source\repos\VisualizeDSA\VisualizeDSA\TreeNode.cpp(21,22): warning C4267: 'return': conversion from 'size_t' to 'int', possible loss of data
  Trie.cpp
C:\Users\MAC_LENOVO\source\repos\VisualizeDSA\VisualizeDSA\Visualizer.hpp(16,30): warning C4584: 'Visualizer': base-class 'sf::Drawable' is already a base-class of 'Display'
C:\Users\MAC_LENOVO\source\repos\VisualizeDSA\include\SFML\Graphics\RenderTarget.hpp(45,7): message : see declaration of 'sf::Drawable'
C:\Users\MAC_LENOVO\source\repos\VisualizeDSA\VisualizeDSA\Display.hpp(10,7): message : see declaration of 'Display'
C:\Users\MAC_LENOVO\source\repos\VisualizeDSA\VisualizeDSA\Visualizer.hpp(16,30): warning C4584: 'Visualizer': base-class 'sf::Drawable' is already a base-class of 'InputTable'
C:\Users\MAC_LENOVO\source\repos\VisualizeDSA\include\SFML\Graphics\RenderTarget.hpp(45,7): message : see declaration of 'sf::Drawable'
C:\Users\MAC_LENOVO\source\repos\VisualizeDSA\VisualizeDSA\InputTable.hpp(10,7): message : see declaration of 'InputTable'
  Visualizer.cpp
C:\Users\MAC_LENOVO\source\repos\VisualizeDSA\VisualizeDSA\Visualizer.hpp(16,30): warning C4584: 'Visualizer': base-class 'sf::Drawable' is already a base-class of 'Display'
C:\Users\MAC_LENOVO\source\repos\VisualizeDSA\include\SFML\Graphics\RenderTarget.hpp(45,7): message : see declaration of 'sf::Drawable'
C:\Users\MAC_LENOVO\source\repos\VisualizeDSA\VisualizeDSA\Display.hpp(10,7): message : see declaration of 'Display'
C:\Users\MAC_LENOVO\source\repos\VisualizeDSA\VisualizeDSA\Visualizer.hpp(16,30): warning C4584: 'Visualizer': base-class 'sf::Drawable' is already a base-class of 'InputTable'
C:\Users\MAC_LENOVO\source\repos\VisualizeDSA\include\SFML\Graphics\RenderTarget.hpp(45,7): message : see declaration of 'sf::Drawable'
C:\Users\MAC_LENOVO\source\repos\VisualizeDSA\VisualizeDSA\InputTable.hpp(10,7): message : see declaration of 'InputTable'
C:\Users\MAC_LENOVO\source\repos\VisualizeDSA\VisualizeDSA\Visualizer.cpp(121,30): warning C4267: 'initializing': conversion from 'size_t' to 'int', possible loss of data
C:\Users\MAC_LENOVO\source\repos\VisualizeDSA\VisualizeDSA\Visualizer.cpp(153,23): warning C4267: '=': conversion from 'size_t' to 'int', possible loss of data
C:\Users\MAC_LENOVO\source\repos\VisualizeDSA\VisualizeDSA\Visualizer.cpp(172,23): warning C4267: '=': conversion from 'size_t' to 'int', possible loss of data
C:\Users\MAC_LENOVO\source\repos\VisualizeDSA\VisualizeDSA\Visualizer.cpp(205,35): warning C4267: '=': conversion from 'size_t' to 'int', possible loss of data
C:\Users\MAC_LENOVO\source\repos\VisualizeDSA\VisualizeDSA\Visualizer.cpp(266,35): warning C4267: '=': conversion from 'size_t' to 'int', possible loss of data
C:\Users\MAC_LENOVO\source\repos\VisualizeDSA\VisualizeDSA\Visualizer.cpp(293,35): warning C4267: '=': conversion from 'size_t' to 'int', possible loss of data
C:\Users\MAC_LENOVO\source\repos\VisualizeDSA\VisualizeDSA\Visualizer.cpp(368,35): warning C4267: '=': conversion from 'size_t' to 'int', possible loss of data
C:\Users\MAC_LENOVO\source\repos\VisualizeDSA\VisualizeDSA\Visualizer.cpp(389,35): warning C4267: '=': conversion from 'size_t' to 'int', possible loss of data
  Window.cpp
C:\Users\MAC_LENOVO\source\repos\VisualizeDSA\VisualizeDSA\Visualizer.hpp(16,30): warning C4584: 'Visualizer': base-class 'sf::Drawable' is already a base-class of 'Display'
C:\Users\MAC_LENOVO\source\repos\VisualizeDSA\include\SFML\Graphics\RenderTarget.hpp(45,7): message : see declaration of 'sf::Drawable'
C:\Users\MAC_LENOVO\source\repos\VisualizeDSA\VisualizeDSA\Display.hpp(10,7): message : see declaration of 'Display'
C:\Users\MAC_LENOVO\source\repos\VisualizeDSA\VisualizeDSA\Visualizer.hpp(16,30): warning C4584: 'Visualizer': base-class 'sf::Drawable' is already a base-class of 'InputTable'
C:\Users\MAC_LENOVO\source\repos\VisualizeDSA\include\SFML\Graphics\RenderTarget.hpp(45,7): message : see declaration of 'sf::Drawable'
C:\Users\MAC_LENOVO\source\repos\VisualizeDSA\VisualizeDSA\InputTable.hpp(10,7): message : see declaration of 'InputTable'
C:\Users\MAC_LENOVO\source\repos\VisualizeDSA\VisualizeDSA\Window.cpp(24,36): warning C4267: 'argument': conversion from 'size_t' to 'int', possible loss of data
C:\Users\MAC_LENOVO\source\repos\VisualizeDSA\VisualizeDSA\Window.cpp(33,29): warning C4267: '=': conversion from 'size_t' to 'int', possible loss of data
C:\Users\MAC_LENOVO\source\repos\VisualizeDSA\VisualizeDSA\Window.cpp(48,57): warning C4267: '=': conversion from 'size_t' to 'int', possible loss of data
C:\Users\MAC_LENOVO\source\repos\VisualizeDSA\VisualizeDSA\Window.cpp(77,31): warning C4244: '=': conversion from 'double' to 'unsigned int', possible loss of data
C:\Users\MAC_LENOVO\source\repos\VisualizeDSA\VisualizeDSA\Window.cpp(78,79): warning C4244: 'argument': conversion from 'float' to 'unsigned int', possible loss of data
C:\Users\MAC_LENOVO\source\repos\VisualizeDSA\VisualizeDSA\Window.cpp(78,56): warning C4244: 'argument': conversion from 'float' to 'unsigned int', possible loss of data
C:\Users\MAC_LENOVO\source\repos\VisualizeDSA\VisualizeDSA\Window.cpp(110,20): warning C4267: 'return': conversion from 'size_t' to 'int', possible loss of data
  Running Code Analysis for C/C++...
  Generating code
  Previous IPDB not found, fall back to full compilation.
  All 3562 functions were compiled because no usable IPDB/IOBJ from previous compilation was found.
  Finished generating code
  VisualizeDSA.vcxproj -> C:\Users\MAC_LENOVO\source\repos\VisualizeDSA\x64\Release\VisualizeDSA.exe
C:\Users\MAC_LENOVO\source\repos\VisualizeDSA\VisualizeDSA\ControlBox.cpp(131): warning C26451: Arithmetic overflow: Using operator '*' on a 4 byte value and then casting the result to a 8 byte value. Cast the value to the wider type before calling operator '*' to avoid overflow (io.2).
C:\Users\MAC_LENOVO\source\repos\VisualizeDSA\VisualizeDSA\Edge.cpp(25): warning C26451: Arithmetic overflow: Using operator '*' on a 4 byte value and then casting the result to a 8 byte value. Cast the value to the wider type before calling operator '*' to avoid overflow (io.2).
C:\Users\MAC_LENOVO\source\repos\VisualizeDSA\VisualizeDSA\Edge.cpp(31): warning C26451: Arithmetic overflow: Using operator '*' on a 4 byte value and then casting the result to a 8 byte value. Cast the value to the wider type before calling operator '*' to avoid overflow (io.2).
C:\Users\MAC_LENOVO\source\repos\VisualizeDSA\VisualizeDSA\Edge.cpp(52): warning C26451: Arithmetic overflow: Using operator '*' on a 4 byte value and then casting the result to a 8 byte value. Cast the value to the wider type before calling operator '*' to avoid overflow (io.2).
C:\Users\MAC_LENOVO\source\repos\VisualizeDSA\VisualizeDSA\Edge.cpp(54): warning C26451: Arithmetic overflow: Using operator '*' on a 4 byte value and then casting the result to a 8 byte value. Cast the value to the wider type before calling operator '*' to avoid overflow (io.2).
C:\Users\MAC_LENOVO\source\repos\VisualizeDSA\VisualizeDSA\Edge.cpp(61): warning C26451: Arithmetic overflow: Using operator '*' on a 4 byte value and then casting the result to a 8 byte value. Cast the value to the wider type before calling operator '*' to avoid overflow (io.2).
C:\Users\MAC_LENOVO\source\repos\VisualizeDSA\VisualizeDSA\Edge.cpp(63): warning C26451: Arithmetic overflow: Using operator '*' on a 4 byte value and then casting the result to a 8 byte value. Cast the value to the wider type before calling operator '*' to avoid overflow (io.2).
C:\Users\MAC_LENOVO\source\repos\VisualizeDSA\VisualizeDSA\HashTable.cpp(61): warning C26451: Arithmetic overflow: Using operator '-' on a 4 byte value and then casting the result to a 8 byte value. Cast the value to the wider type before calling operator '-' to avoid overflow (io.2).
C:\Users\MAC_LENOVO\source\repos\VisualizeDSA\VisualizeDSA\Heap.cpp(144): warning C26451: Arithmetic overflow: Using operator '+' on a 4 byte value and then casting the result to a 8 byte value. Cast the value to the wider type before calling operator '+' to avoid overflow (io.2).
C:\Users\MAC_LENOVO\source\repos\VisualizeDSA\VisualizeDSA\ControlBox.hpp(42): warning C26495: Variable 'ControlBox::playing' is uninitialized. Always initialize a member variable (type.6).
C:\Users\MAC_LENOVO\source\repos\VisualizeDSA\VisualizeDSA\Tab.hpp(17): warning C26495: Variable 'Tab::id' is uninitialized. Always initialize a member variable (type.6).
C:\Users\MAC_LENOVO\source\repos\VisualizeDSA\VisualizeDSA\RoundRectangleShape.cpp(75): warning C26451: Arithmetic overflow: Using operator '*' on a 4 byte value and then casting the result to a 8 byte value. Cast the value to the wider type before calling operator '*' to avoid overflow (io.2).
C:\Users\MAC_LENOVO\source\repos\VisualizeDSA\VisualizeDSA\RoundRectangleShape.cpp(81): warning C26451: Arithmetic overflow: Using operator '*' on a 4 byte value and then casting the result to a 8 byte value. Cast the value to the wider type before calling operator '*' to avoid overflow (io.2).
C:\Users\MAC_LENOVO\source\repos\VisualizeDSA\VisualizeDSA\HashTable.hpp(33): warning C26495: Variable 'HashTable::visualizer' is uninitialized. Always initialize a member variable (type.6).
C:\Users\MAC_LENOVO\source\repos\VisualizeDSA\VisualizeDSA\Tree234.hpp(42): warning C26495: Variable 'Tree234::visualizer' is uninitialized. Always initialize a member variable (type.6).
C:\Users\MAC_LENOVO\source\repos\VisualizeDSA\VisualizeDSA\Trie.hpp(36): warning C26495: Variable 'Trie::visualizer' is uninitialized. Always initialize a member variable (type.6).
C:\Users\MAC_LENOVO\source\repos\VisualizeDSA\VisualizeDSA\Graph.hpp(39): warning C26495: Variable 'Graph::visualizer' is uninitialized. Always initialize a member variable (type.6).
C:\Users\MAC_LENOVO\source\repos\VisualizeDSA\VisualizeDSA\Heap.hpp(38): warning C26495: Variable 'Heap::visualizer' is uninitialized. Always initialize a member variable (type.6).
C:\Users\MAC_LENOVO\source\repos\VisualizeDSA\VisualizeDSA\Textbox.cpp(100): warning C26451: Arithmetic overflow: Using operator '-' on a 4 byte value and then casting the result to a 8 byte value. Cast the value to the wider type before calling operator '-' to avoid overflow (io.2).
C:\Users\MAC_LENOVO\source\repos\VisualizeDSA\VisualizeDSA\Tools.cpp(171): warning C26451: Arithmetic overflow: Using operator '+' on a 4 byte value and then casting the result to a 8 byte value. Cast the value to the wider type before calling operator '+' to avoid overflow (io.2).
C:\Users\MAC_LENOVO\source\repos\VisualizeDSA\VisualizeDSA\Tools.cpp(171): warning C26451: Arithmetic overflow: Using operator '+' on a 4 byte value and then casting the result to a 8 byte value. Cast the value to the wider type before calling operator '+' to avoid overflow (io.2).
C:\Users\MAC_LENOVO\source\repos\VisualizeDSA\VisualizeDSA\Tools.cpp(207): warning C26451: Arithmetic overflow: Using operator '+' on a 4 byte value and then casting the result to a 8 byte value. Cast the value to the wider type before calling operator '+' to avoid overflow (io.2).
C:\Users\MAC_LENOVO\source\repos\VisualizeDSA\VisualizeDSA\Tools.cpp(207): warning C26451: Arithmetic overflow: Using operator '-' on a 4 byte value and then casting the result to a 8 byte value. Cast the value to the wider type before calling operator '-' to avoid overflow (io.2).
C:\Users\MAC_LENOVO\source\repos\VisualizeDSA\VisualizeDSA\Tools.cpp(220): warning C26451: Arithmetic overflow: Using operator '+' on a 4 byte value and then casting the result to a 8 byte value. Cast the value to the wider type before calling operator '+' to avoid overflow (io.2).
C:\Users\MAC_LENOVO\source\repos\VisualizeDSA\VisualizeDSA\Tools.cpp(220): warning C26451: Arithmetic overflow: Using operator '-' on a 4 byte value and then casting the result to a 8 byte value. Cast the value to the wider type before calling operator '-' to avoid overflow (io.2).
C:\Users\MAC_LENOVO\source\repos\VisualizeDSA\VisualizeDSA\Tools.cpp(236): warning C26451: Arithmetic overflow: Using operator '+' on a 4 byte value and then casting the result to a 8 byte value. Cast the value to the wider type before calling operator '+' to avoid overflow (io.2).
C:\Users\MAC_LENOVO\source\repos\VisualizeDSA\VisualizeDSA\Tools.cpp(236): warning C26451: Arithmetic overflow: Using operator '-' on a 4 byte value and then casting the result to a 8 byte value. Cast the value to the wider type before calling operator '-' to avoid overflow (io.2).
C:\Users\MAC_LENOVO\source\repos\VisualizeDSA\VisualizeDSA\Visualizer.cpp(82): warning C6011: Dereferencing NULL pointer 'lastChild'. 
C:\Users\MAC_LENOVO\source\repos\VisualizeDSA\VisualizeDSA\Visualizer.cpp(176): warning C26451: Arithmetic overflow: Using operator '-' on a 4 byte value and then casting the result to a 8 byte value. Cast the value to the wider type before calling operator '-' to avoid overflow (io.2).
C:\Users\MAC_LENOVO\source\repos\VisualizeDSA\VisualizeDSA\Visualizer.cpp(187): warning C26451: Arithmetic overflow: Using operator '+' on a 4 byte value and then casting the result to a 8 byte value. Cast the value to the wider type before calling operator '+' to avoid overflow (io.2).
C:\Users\MAC_LENOVO\source\repos\VisualizeDSA\VisualizeDSA\Visualizer.cpp(208): warning C26451: Arithmetic overflow: Using operator '+' on a 4 byte value and then casting the result to a 8 byte value. Cast the value to the wider type before calling operator '+' to avoid overflow (io.2).
C:\Users\MAC_LENOVO\source\repos\VisualizeDSA\VisualizeDSA\Visualizer.cpp(212): warning C26451: Arithmetic overflow: Using operator '+' on a 4 byte value and then casting the result to a 8 byte value. Cast the value to the wider type before calling operator '+' to avoid overflow (io.2).
C:\Users\MAC_LENOVO\source\repos\VisualizeDSA\VisualizeDSA\Visualizer.cpp(212): warning C26451: Arithmetic overflow: Using operator '+' on a 4 byte value and then casting the result to a 8 byte value. Cast the value to the wider type before calling operator '+' to avoid overflow (io.2).
C:\Users\MAC_LENOVO\source\repos\VisualizeDSA\VisualizeDSA\Visualizer.cpp(228): warning C26451: Arithmetic overflow: Using operator '+' on a 4 byte value and then casting the result to a 8 byte value. Cast the value to the wider type before calling operator '+' to avoid overflow (io.2).
C:\Users\MAC_LENOVO\source\repos\VisualizeDSA\VisualizeDSA\Visualizer.cpp(230): warning C26451: Arithmetic overflow: Using operator '+' on a 4 byte value and then casting the result to a 8 byte value. Cast the value to the wider type before calling operator '+' to avoid overflow (io.2).
C:\Users\MAC_LENOVO\source\repos\VisualizeDSA\VisualizeDSA\Visualizer.cpp(231): warning C26451: Arithmetic overflow: Using operator '+' on a 4 byte value and then casting the result to a 8 byte value. Cast the value to the wider type before calling operator '+' to avoid overflow (io.2).
C:\Users\MAC_LENOVO\source\repos\VisualizeDSA\VisualizeDSA\Visualizer.cpp(232): warning C26451: Arithmetic overflow: Using operator '+' on a 4 byte value and then casting the result to a 8 byte value. Cast the value to the wider type before calling operator '+' to avoid overflow (io.2).
C:\Users\MAC_LENOVO\source\repos\VisualizeDSA\VisualizeDSA\Visualizer.cpp(232): warning C26451: Arithmetic overflow: Using operator '-' on a 4 byte value and then casting the result to a 8 byte value. Cast the value to the wider type before calling operator '-' to avoid overflow (io.2).
C:\Users\MAC_LENOVO\source\repos\VisualizeDSA\VisualizeDSA\Visualizer.cpp(233): warning C26451: Arithmetic overflow: Using operator '+' on a 4 byte value and then casting the result to a 8 byte value. Cast the value to the wider type before calling operator '+' to avoid overflow (io.2).
C:\Users\MAC_LENOVO\source\repos\VisualizeDSA\VisualizeDSA\Visualizer.cpp(233): warning C26451: Arithmetic overflow: Using operator '-' on a 4 byte value and then casting the result to a 8 byte value. Cast the value to the wider type before calling operator '-' to avoid overflow (io.2).
C:\Users\MAC_LENOVO\source\repos\VisualizeDSA\VisualizeDSA\Visualizer.cpp(268): warning C26451: Arithmetic overflow: Using operator '+' on a 4 byte value and then casting the result to a 8 byte value. Cast the value to the wider type before calling operator '+' to avoid overflow (io.2).
C:\Users\MAC_LENOVO\source\repos\VisualizeDSA\VisualizeDSA\Visualizer.cpp(272): warning C26451: Arithmetic overflow: Using operator '+' on a 4 byte value and then casting the result to a 8 byte value. Cast the value to the wider type before calling operator '+' to avoid overflow (io.2).
C:\Users\MAC_LENOVO\source\repos\VisualizeDSA\VisualizeDSA\Visualizer.cpp(273): warning C26451: Arithmetic overflow: Using operator '+' on a 4 byte value and then casting the result to a 8 byte value. Cast the value to the wider type before calling operator '+' to avoid overflow (io.2).
C:\Users\MAC_LENOVO\source\repos\VisualizeDSA\VisualizeDSA\Visualizer.cpp(278): warning C26451: Arithmetic overflow: Using operator '+' on a 4 byte value and then casting the result to a 8 byte value. Cast the value to the wider type before calling operator '+' to avoid overflow (io.2).
C:\Users\MAC_LENOVO\source\repos\VisualizeDSA\VisualizeDSA\Visualizer.cpp(279): warning C26451: Arithmetic overflow: Using operator '+' on a 4 byte value and then casting the result to a 8 byte value. Cast the value to the wider type before calling operator '+' to avoid overflow (io.2).
C:\Users\MAC_LENOVO\source\repos\VisualizeDSA\VisualizeDSA\Visualizer.cpp(295): warning C26451: Arithmetic overflow: Using operator '+' on a 4 byte value and then casting the result to a 8 byte value. Cast the value to the wider type before calling operator '+' to avoid overflow (io.2).
C:\Users\MAC_LENOVO\source\repos\VisualizeDSA\VisualizeDSA\Visualizer.cpp(296): warning C26451: Arithmetic overflow: Using operator '+' on a 4 byte value and then casting the result to a 8 byte value. Cast the value to the wider type before calling operator '+' to avoid overflow (io.2).
C:\Users\MAC_LENOVO\source\repos\VisualizeDSA\VisualizeDSA\Visualizer.cpp(297): warning C26451: Arithmetic overflow: Using operator '+' on a 4 byte value and then casting the result to a 8 byte value. Cast the value to the wider type before calling operator '+' to avoid overflow (io.2).
C:\Users\MAC_LENOVO\source\repos\VisualizeDSA\VisualizeDSA\Visualizer.cpp(301): warning C26451: Arithmetic overflow: Using operator '+' on a 4 byte value and then casting the result to a 8 byte value. Cast the value to the wider type before calling operator '+' to avoid overflow (io.2).
C:\Users\MAC_LENOVO\source\repos\VisualizeDSA\VisualizeDSA\Visualizer.cpp(302): warning C26451: Arithmetic overflow: Using operator '+' on a 4 byte value and then casting the result to a 8 byte value. Cast the value to the wider type before calling operator '+' to avoid overflow (io.2).
C:\Users\MAC_LENOVO\source\repos\VisualizeDSA\VisualizeDSA\Visualizer.cpp(303): warning C26451: Arithmetic overflow: Using operator '+' on a 4 byte value and then casting the result to a 8 byte value. Cast the value to the wider type before calling operator '+' to avoid overflow (io.2).
C:\Users\MAC_LENOVO\source\repos\VisualizeDSA\VisualizeDSA\Visualizer.cpp(304): warning C26451: Arithmetic overflow: Using operator '+' on a 4 byte value and then casting the result to a 8 byte value. Cast the value to the wider type before calling operator '+' to avoid overflow (io.2).
C:\Users\MAC_LENOVO\source\repos\VisualizeDSA\VisualizeDSA\Visualizer.cpp(309): warning C26451: Arithmetic overflow: Using operator '+' on a 4 byte value and then casting the result to a 8 byte value. Cast the value to the wider type before calling operator '+' to avoid overflow (io.2).
C:\Users\MAC_LENOVO\source\repos\VisualizeDSA\VisualizeDSA\Visualizer.cpp(310): warning C26451: Arithmetic overflow: Using operator '+' on a 4 byte value and then casting the result to a 8 byte value. Cast the value to the wider type before calling operator '+' to avoid overflow (io.2).
C:\Users\MAC_LENOVO\source\repos\VisualizeDSA\VisualizeDSA\Visualizer.cpp(326): warning C26451: Arithmetic overflow: Using operator '+' on a 4 byte value and then casting the result to a 8 byte value. Cast the value to the wider type before calling operator '+' to avoid overflow (io.2).
C:\Users\MAC_LENOVO\source\repos\VisualizeDSA\VisualizeDSA\Visualizer.cpp(328): warning C26451: Arithmetic overflow: Using operator '+' on a 4 byte value and then casting the result to a 8 byte value. Cast the value to the wider type before calling operator '+' to avoid overflow (io.2).
C:\Users\MAC_LENOVO\source\repos\VisualizeDSA\VisualizeDSA\Visualizer.cpp(329): warning C26451: Arithmetic overflow: Using operator '+' on a 4 byte value and then casting the result to a 8 byte value. Cast the value to the wider type before calling operator '+' to avoid overflow (io.2).
C:\Users\MAC_LENOVO\source\repos\VisualizeDSA\VisualizeDSA\Visualizer.cpp(332): warning C26451: Arithmetic overflow: Using operator '+' on a 4 byte value and then casting the result to a 8 byte value. Cast the value to the wider type before calling operator '+' to avoid overflow (io.2).
C:\Users\MAC_LENOVO\source\repos\VisualizeDSA\VisualizeDSA\Visualizer.cpp(332): warning C26451: Arithmetic overflow: Using operator '-' on a 4 byte value and then casting the result to a 8 byte value. Cast the value to the wider type before calling operator '-' to avoid overflow (io.2).
C:\Users\MAC_LENOVO\source\repos\VisualizeDSA\VisualizeDSA\Visualizer.cpp(333): warning C26451: Arithmetic overflow: Using operator '+' on a 4 byte value and then casting the result to a 8 byte value. Cast the value to the wider type before calling operator '+' to avoid overflow (io.2).
C:\Users\MAC_LENOVO\source\repos\VisualizeDSA\VisualizeDSA\Visualizer.cpp(333): warning C26451: Arithmetic overflow: Using operator '-' on a 4 byte value and then casting the result to a 8 byte value. Cast the value to the wider type before calling operator '-' to avoid overflow (io.2).
C:\Users\MAC_LENOVO\source\repos\VisualizeDSA\VisualizeDSA\Visualizer.cpp(348): warning C26451: Arithmetic overflow: Using operator '+' on a 4 byte value and then casting the result to a 8 byte value. Cast the value to the wider type before calling operator '+' to avoid overflow (io.2).
C:\Users\MAC_LENOVO\source\repos\VisualizeDSA\VisualizeDSA\Visualizer.cpp(350): warning C26451: Arithmetic overflow: Using operator '+' on a 4 byte value and then casting the result to a 8 byte value. Cast the value to the wider type before calling operator '+' to avoid overflow (io.2).
C:\Users\MAC_LENOVO\source\repos\VisualizeDSA\VisualizeDSA\Visualizer.cpp(351): warning C26451: Arithmetic overflow: Using operator '+' on a 4 byte value and then casting the result to a 8 byte value. Cast the value to the wider type before calling operator '+' to avoid overflow (io.2).
C:\Users\MAC_LENOVO\source\repos\VisualizeDSA\VisualizeDSA\Visualizer.cpp(354): warning C26451: Arithmetic overflow: Using operator '+' on a 4 byte value and then casting the result to a 8 byte value. Cast the value to the wider type before calling operator '+' to avoid overflow (io.2).
C:\Users\MAC_LENOVO\source\repos\VisualizeDSA\VisualizeDSA\Visualizer.cpp(354): warning C26451: Arithmetic overflow: Using operator '-' on a 4 byte value and then casting the result to a 8 byte value. Cast the value to the wider type before calling operator '-' to avoid overflow (io.2).
C:\Users\MAC_LENOVO\source\repos\VisualizeDSA\VisualizeDSA\Visualizer.cpp(355): warning C26451: Arithmetic overflow: Using operator '+' on a 4 byte value and then casting the result to a 8 byte value. Cast the value to the wider type before calling operator '+' to avoid overflow (io.2).
C:\Users\MAC_LENOVO\source\repos\VisualizeDSA\VisualizeDSA\Visualizer.cpp(355): warning C26451: Arithmetic overflow: Using operator '-' on a 4 byte value and then casting the result to a 8 byte value. Cast the value to the wider type before calling operator '-' to avoid overflow (io.2).
C:\Users\MAC_LENOVO\source\repos\VisualizeDSA\VisualizeDSA\Visualizer.cpp(370): warning C26451: Arithmetic overflow: Using operator '+' on a 4 byte value and then casting the result to a 8 byte value. Cast the value to the wider type before calling operator '+' to avoid overflow (io.2).
C:\Users\MAC_LENOVO\source\repos\VisualizeDSA\VisualizeDSA\Visualizer.cpp(375): warning C26451: Arithmetic overflow: Using operator '+' on a 4 byte value and then casting the result to a 8 byte value. Cast the value to the wider type before calling operator '+' to avoid overflow (io.2).
C:\Users\MAC_LENOVO\source\repos\VisualizeDSA\VisualizeDSA\Visualizer.cpp(391): warning C26451: Arithmetic overflow: Using operator '+' on a 4 byte value and then casting the result to a 8 byte value. Cast the value to the wider type before calling operator '+' to avoid overflow (io.2).
C:\Users\MAC_LENOVO\source\repos\VisualizeDSA\VisualizeDSA\Visualizer.cpp(396): warning C26451: Arithmetic overflow: Using operator '+' on a 4 byte value and then casting the result to a 8 byte value. Cast the value to the wider type before calling operator '+' to avoid overflow (io.2).
C:\Users\MAC_LENOVO\source\repos\VisualizeDSA\VisualizeDSA\tinyfiledialogs.c(596): warning C6001: Using uninitialized memory 'lMbcsString'.
C:\Users\MAC_LENOVO\source\repos\VisualizeDSA\VisualizeDSA\tinyfiledialogs.c(638): warning C6001: Using uninitialized memory 'lMbcsString'.
C:\Users\MAC_LENOVO\source\repos\VisualizeDSA\VisualizeDSA\tinyfiledialogs.c(664): warning C6001: Using uninitialized memory 'lUtf8string'.
C:\Users\MAC_LENOVO\source\repos\VisualizeDSA\VisualizeDSA\tinyfiledialogs.c(1171): warning C6386: Buffer overrun while writing to 'lDialogString'.
C:\Users\MAC_LENOVO\source\repos\VisualizeDSA\VisualizeDSA\tinyfiledialogs.c(1601): warning C6262: Function uses '22760' bytes of stack.  Consider moving some data to heap.
C:\Users\MAC_LENOVO\source\repos\VisualizeDSA\VisualizeDSA\tinyfiledialogs.c(1770): warning C6386: Buffer overrun while writing to 'buf'.
C:\Users\MAC_LENOVO\source\repos\VisualizeDSA\VisualizeDSA\tinyfiledialogs.c(2064): warning C6386: Buffer overrun while writing to 'lFilterPatterns'.
C:\Users\MAC_LENOVO\source\repos\VisualizeDSA\VisualizeDSA\tinyfiledialogs.c(2065): warning C6385: Reading invalid data from 'lFilterPatterns'.
C:\Users\MAC_LENOVO\source\repos\VisualizeDSA\VisualizeDSA\tinyfiledialogs.c(2136): warning C6386: Buffer overrun while writing to 'lFilterPatterns'.
C:\Users\MAC_LENOVO\source\repos\VisualizeDSA\VisualizeDSA\tinyfiledialogs.c(2137): warning C6385: Reading invalid data from 'lFilterPatterns'.
C:\Users\MAC_LENOVO\source\repos\VisualizeDSA\VisualizeDSA\tinyfiledialogs.c(2943): warning C6386: Buffer overrun while writing to 'lBuffW'.
C:\Users\MAC_LENOVO\source\repos\VisualizeDSA\VisualizeDSA\Window.cpp(50): warning C26451: Arithmetic overflow: Using operator '+' on a 4 byte value and then casting the result to a 8 byte value. Cast the value to the wider type before calling operator '+' to avoid overflow (io.2).
